<?xml version="1.0" encoding="UTF-8"?>
<!-- Generated by org.testng.reporters.JUnitReportReporter -->
<testsuite hostname="Pradeeppandey" name="testcases.SampleTest" tests="8" failures="0" timestamp="12 Jun 2015 05:12:03 GMT" time="0.010" errors="0">
  <testcase name="testCaseA1" time="0.000" classname="testcases.SampleTest"/>
  <testcase name="testCaseLoginTest" time="0.001" classname="testcases.SampleTest"/>
  <testcase name="testCasePassword" time="0.000" classname="testcases.SampleTest"/>
  <testcase name="testCaseRegister" time="0.000" classname="testcases.SampleTest"/>
  <testcase name="testCaseA1" time="0.000" classname="testcases.SampleTest"/>
  <testcase name="testCaseLoginTest" time="0.009" classname="testcases.SampleTest"/>
  <testcase name="testCaseRegister" time="0.000" classname="testcases.SampleTest"/>
  <testcase name="testCasePassword" time="0.000" classname="testcases.SampleTest"/>
</testsuite> <!-- testcases.SampleTest -->
